14:58:53 **** Incremental Build of configuration Debug for project HAL_ADC ****
make -j16 all 
arm-none-eabi-gcc "../Core/Src/main.c" -mcpu=cortex-m4 -std=gnu11 -g3 -DDEBUG -DUSE_HAL_DRIVER -DSTM32F407xx -c -I../Core/Inc -I../Drivers/STM32F4xx_HAL_Driver/Inc -I../Drivers/STM32F4xx_HAL_Driver/Inc/Legacy -I../Drivers/CMSIS/Device/ST/STM32F4xx/Include -I../Drivers/CMSIS/Include -O0 -ffunction-sections -fdata-sections -Wall -fstack-usage -fcyclomatic-complexity -MMD -MP -MF"Core/Src/main.d" -MT"Core/Src/main.o" --specs=nano.specs -mfpu=fpv4-sp-d16 -mfloat-abi=hard -mthumb -o "Core/Src/main.o"
arm-none-eabi-gcc "../Core/Src/ssd1306.c" -mcpu=cortex-m4 -std=gnu11 -g3 -DDEBUG -DUSE_HAL_DRIVER -DSTM32F407xx -c -I../Core/Inc -I../Drivers/STM32F4xx_HAL_Driver/Inc -I../Drivers/STM32F4xx_HAL_Driver/Inc/Legacy -I../Drivers/CMSIS/Device/ST/STM32F4xx/Include -I../Drivers/CMSIS/Include -O0 -ffunction-sections -fdata-sections -Wall -fstack-usage -fcyclomatic-complexity -MMD -MP -MF"Core/Src/ssd1306.d" -MT"Core/Src/ssd1306.o" --specs=nano.specs -mfpu=fpv4-sp-d16 -mfloat-abi=hard -mthumb -o "Core/Src/ssd1306.o"
In file included from ../Core/Src/main.c:21:
../Core/Inc/ssd1306.h:89:22: error: unknown type name 'I2C_HandleTypeDef'; did you mean 'DMA_HandleTypeDef'?
   89 | uint8_t SSD1306_Init(I2C_HandleTypeDef hi2c1);
      |                      ^~~~~~~~~~~~~~~~~
      |                      DMA_HandleTypeDef
In file included from ../Core/Src/ssd1306.c:23:
../Core/Inc/ssd1306.h:89:22: error: unknown type name 'I2C_HandleTypeDef'; did you mean 'DMA_HandleTypeDef'?
   89 | uint8_t SSD1306_Init(I2C_HandleTypeDef hi2c1);
      |                      ^~~~~~~~~~~~~~~~~
      |                      DMA_HandleTypeDef
../Core/Inc/ssd1306.h:97:27: error: unknown type name 'I2C_HandleTypeDef'; did you mean 'DMA_HandleTypeDef'?
   97 | void SSD1306_UpdateScreen(I2C_HandleTypeDef hi2c);
      |                           ^~~~~~~~~~~~~~~~~
      |                           DMA_HandleTypeDef
../Core/Inc/ssd1306.h:97:27: error: unknown type name 'I2C_HandleTypeDef'; did you mean 'DMA_HandleTypeDef'?
   97 | void SSD1306_UpdateScreen(I2C_HandleTypeDef hi2c);
      |                           ^~~~~~~~~~~~~~~~~
      |                           DMA_HandleTypeDef
../Core/Inc/ssd1306.h:248:68: error: unknown type name 'I2C_HandleTypeDef'; did you mean 'DMA_HandleTypeDef'?
  248 | void ssd1306_I2C_Write(uint8_t address, uint8_t reg, uint8_t data, I2C_HandleTypeDef hi2c);
      |                                                                    ^~~~~~~~~~~~~~~~~
      |                                                                    DMA_HandleTypeDef
../Core/Inc/ssd1306.h:248:68: error: unknown type name 'I2C_HandleTypeDef'; did you mean 'DMA_HandleTypeDef'?
  248 | void ssd1306_I2C_Write(uint8_t address, uint8_t reg, uint8_t data, I2C_HandleTypeDef hi2c);
      |                                                                    ^~~~~~~~~~~~~~~~~
      |                                                                    DMA_HandleTypeDef
../Core/Inc/ssd1306.h:259:90: error: unknown type name 'I2C_HandleTypeDef'; did you mean 'DMA_HandleTypeDef'?
  259 | void ssd1306_I2C_WriteMulti(uint8_t address, uint8_t reg, uint8_t *data, uint16_t count, I2C_HandleTypeDef hi2c);
      |                                                                                          ^~~~~~~~~~~~~~~~~
      |                                                                                          DMA_HandleTypeDef
../Core/Inc/ssd1306.h:259:90: error: unknown type name 'I2C_HandleTypeDef'; did you mean 'DMA_HandleTypeDef'?
  259 | void ssd1306_I2C_WriteMulti(uint8_t address, uint8_t reg, uint8_t *data, uint16_t count, I2C_HandleTypeDef hi2c);
      |                                                                                          ^~~~~~~~~~~~~~~~~
      |                                                                                          DMA_HandleTypeDef
../Core/Inc/ssd1306.h:274:62: error: unknown type name 'I2C_HandleTypeDef'; did you mean 'DMA_HandleTypeDef'?
  274 | void SSD1306_ScrollRight(uint8_t start_row, uint8_t end_row, I2C_HandleTypeDef hi2c);
      |                                                              ^~~~~~~~~~~~~~~~~
      |                                                              DMA_HandleTypeDef
../Core/Inc/ssd1306.h:274:62: error: unknown type name 'I2C_HandleTypeDef'; did you mean 'DMA_HandleTypeDef'?
  274 | void SSD1306_ScrollRight(uint8_t start_row, uint8_t end_row, I2C_HandleTypeDef hi2c);
      |                                                              ^~~~~~~~~~~~~~~~~
      |                                                              DMA_HandleTypeDef
../Core/Inc/ssd1306.h:277:61: error: unknown type name 'I2C_HandleTypeDef'; did you mean 'DMA_HandleTypeDef'?
  277 | void SSD1306_ScrollLeft(uint8_t start_row, uint8_t end_row, I2C_HandleTypeDef hi2c);
      |                                                             ^~~~~~~~~~~~~~~~~
      |                                                             DMA_HandleTypeDef
../Core/Inc/ssd1306.h:277:61: error: unknown type name 'I2C_HandleTypeDef'; did you mean 'DMA_HandleTypeDef'?
  277 | void SSD1306_ScrollLeft(uint8_t start_row, uint8_t end_row, I2C_HandleTypeDef hi2c);
      |                                                             ^~~~~~~~~~~~~~~~~
      |                                                             DMA_HandleTypeDef
../Core/Inc/ssd1306.h:280:66: error: unknown type name 'I2C_HandleTypeDef'; did you mean 'DMA_HandleTypeDef'?
  280 | void SSD1306_Scrolldiagright(uint8_t start_row, uint8_t end_row, I2C_HandleTypeDef hi2c);
      |                                                                  ^~~~~~~~~~~~~~~~~
      |                                                                  DMA_HandleTypeDef
../Core/Inc/ssd1306.h:280:66: error: unknown type name 'I2C_HandleTypeDef'; did you mean 'DMA_HandleTypeDef'?
  280 | void SSD1306_Scrolldiagright(uint8_t start_row, uint8_t end_row, I2C_HandleTypeDef hi2c);
      |                                                                  ^~~~~~~~~~~~~~~~~
      |                                                                  DMA_HandleTypeDef
../Core/Inc/ssd1306.h:283:65: error: unknown type name 'I2C_HandleTypeDef'; did you mean 'DMA_HandleTypeDef'?
  283 | void SSD1306_Scrolldiagleft(uint8_t start_row, uint8_t end_row, I2C_HandleTypeDef hi2c);
      |                                                                 ^~~~~~~~~~~~~~~~~
      |                                                                 DMA_HandleTypeDef
../Core/Inc/ssd1306.h:283:65: error: unknown type name 'I2C_HandleTypeDef'; did you mean 'DMA_HandleTypeDef'?
  283 | void SSD1306_Scrolldiagleft(uint8_t start_row, uint8_t end_row, I2C_HandleTypeDef hi2c);
      |                                                                 ^~~~~~~~~~~~~~~~~
      |                                                                 DMA_HandleTypeDef
../Core/Inc/ssd1306.h:287:26: error: unknown type name 'I2C_HandleTypeDef'; did you mean 'DMA_HandleTypeDef'?
  287 | void SSD1306_Stopscroll( I2C_HandleTypeDef hi2c);
      |                          ^~~~~~~~~~~~~~~~~
      |                          DMA_HandleTypeDef
../Core/Inc/ssd1306.h:287:26: error: unknown type name 'I2C_HandleTypeDef'; did you mean 'DMA_HandleTypeDef'?
  287 | void SSD1306_Stopscroll( I2C_HandleTypeDef hi2c);
      |                          ^~~~~~~~~~~~~~~~~
      |                          DMA_HandleTypeDef
../Core/Inc/ssd1306.h:292:37: error: unknown type name 'I2C_HandleTypeDef'; did you mean 'DMA_HandleTypeDef'?
  292 | void SSD1306_InvertDisplay (int i,  I2C_HandleTypeDef hi2c);
      |                                     ^~~~~~~~~~~~~~~~~
      |                                     DMA_HandleTypeDef
../Core/Inc/ssd1306.h:292:37: error: unknown type name 'I2C_HandleTypeDef'; did you mean 'DMA_HandleTypeDef'?
  292 | void SSD1306_InvertDisplay (int i,  I2C_HandleTypeDef hi2c);
      |                                     ^~~~~~~~~~~~~~~~~
      |                                     DMA_HandleTypeDef
../Core/Inc/ssd1306.h:301:21: error: unknown type name 'I2C_HandleTypeDef'; did you mean 'DMA_HandleTypeDef'?
  301 | void SSD1306_Clear (I2C_HandleTypeDef hi2c);
      |                     ^~~~~~~~~~~~~~~~~
      |                     DMA_HandleTypeDef
../Core/Inc/ssd1306.h:301:21: error: unknown type name 'I2C_HandleTypeDef'; did you mean 'DMA_HandleTypeDef'?
  301 | void SSD1306_Clear (I2C_HandleTypeDef hi2c);
      |                     ^~~~~~~~~~~~~~~~~
      |                     DMA_HandleTypeDef
../Core/Src/ssd1306.c:25:8: error: unknown type name 'I2C_HandleTypeDef'
   25 | extern I2C_HandleTypeDef hi2c1;
      |        ^~~~~~~~~~~~~~~~~
../Core/Src/main.c: In function 'main':
../Core/Src/main.c:94:11: warning: implicit declaration of function 'HAL_ADC_START' [-Wimplicit-function-declaration]
   94 |           HAL_ADC_START(&hadc1);
      |           ^~~~~~~~~~~~~
../Core/Src/main.c:94:26: error: 'hadc1' undeclared (first use in this function)
   94 |           HAL_ADC_START(&hadc1);
      |                          ^~~~~
../Core/Src/main.c:94:26: note: each undeclared identifier is reported only once for each function it appears in
../Core/Src/main.c:67:18: warning: unused variable 'i' [-Wunused-variable]
   67 |         uint16_t i;
      |                  ^
../Core/Src/main.c:66:14: warning: unused variable 'str' [-Wunused-variable]
   66 |         char str[9] =  {0};
      |              ^~~
../Core/Src/ssd1306.c:60:62: error: unknown type name 'I2C_HandleTypeDef'; did you mean 'DMA_HandleTypeDef'?
   60 | void SSD1306_ScrollRight(uint8_t start_row, uint8_t end_row, I2C_HandleTypeDef hi2c)
      |                                                              ^~~~~~~~~~~~~~~~~
      |                                                              DMA_HandleTypeDef
make: *** [Core/Src/subdir.mk:40: Core/Src/main.o] Error 1
make: *** Waiting for unfinished jobs....
../Core/Src/ssd1306.c:73:61: error: unknown type name 'I2C_HandleTypeDef'; did you mean 'DMA_HandleTypeDef'?
   73 | void SSD1306_ScrollLeft(uint8_t start_row, uint8_t end_row, I2C_HandleTypeDef hi2c)
      |                                                             ^~~~~~~~~~~~~~~~~
      |                                                             DMA_HandleTypeDef
../Core/Src/ssd1306.c:86:66: error: unknown type name 'I2C_HandleTypeDef'; did you mean 'DMA_HandleTypeDef'?
   86 | void SSD1306_Scrolldiagright(uint8_t start_row, uint8_t end_row, I2C_HandleTypeDef hi2c)
      |                                                                  ^~~~~~~~~~~~~~~~~
      |                                                                  DMA_HandleTypeDef
../Core/Src/ssd1306.c:102:65: error: unknown type name 'I2C_HandleTypeDef'; did you mean 'DMA_HandleTypeDef'?
  102 | void SSD1306_Scrolldiagleft(uint8_t start_row, uint8_t end_row, I2C_HandleTypeDef hi2c)
      |                                                                 ^~~~~~~~~~~~~~~~~
      |                                                                 DMA_HandleTypeDef
../Core/Src/ssd1306.c:118:26: error: unknown type name 'I2C_HandleTypeDef'; did you mean 'DMA_HandleTypeDef'?
  118 | void SSD1306_Stopscroll( I2C_HandleTypeDef hi2c)
      |                          ^~~~~~~~~~~~~~~~~
      |                          DMA_HandleTypeDef
../Core/Src/ssd1306.c:125:36: error: unknown type name 'I2C_HandleTypeDef'; did you mean 'DMA_HandleTypeDef'?
  125 | void SSD1306_InvertDisplay (int i, I2C_HandleTypeDef hi2c)
      |                                    ^~~~~~~~~~~~~~~~~
      |                                    DMA_HandleTypeDef
../Core/Src/ssd1306.c:164:22: error: unknown type name 'I2C_HandleTypeDef'; did you mean 'DMA_HandleTypeDef'?
  164 | uint8_t SSD1306_Init(I2C_HandleTypeDef hi2c) {
      |                      ^~~~~~~~~~~~~~~~~
      |                      DMA_HandleTypeDef
../Core/Src/ssd1306.c:230:27: error: unknown type name 'I2C_HandleTypeDef'; did you mean 'DMA_HandleTypeDef'?
  230 | void SSD1306_UpdateScreen(I2C_HandleTypeDef hi2c) {
      |                           ^~~~~~~~~~~~~~~~~
      |                           DMA_HandleTypeDef
../Core/Src/ssd1306.c:606:21: error: unknown type name 'I2C_HandleTypeDef'; did you mean 'DMA_HandleTypeDef'?
  606 | void SSD1306_Clear (I2C_HandleTypeDef hi2c)
      |                     ^~~~~~~~~~~~~~~~~
      |                     DMA_HandleTypeDef
../Core/Src/ssd1306.c:611:18: error: unknown type name 'I2C_HandleTypeDef'; did you mean 'DMA_HandleTypeDef'?
  611 | void SSD1306_ON( I2C_HandleTypeDef hi2c) {
      |                  ^~~~~~~~~~~~~~~~~
      |                  DMA_HandleTypeDef
../Core/Src/ssd1306.c:616:18: error: unknown type name 'I2C_HandleTypeDef'; did you mean 'DMA_HandleTypeDef'?
  616 | void SSD1306_OFF(I2C_HandleTypeDef hi2c) {
      |                  ^~~~~~~~~~~~~~~~~
      |                  DMA_HandleTypeDef
../Core/Src/ssd1306.c:644:90: error: unknown type name 'I2C_HandleTypeDef'; did you mean 'DMA_HandleTypeDef'?
  644 | void ssd1306_I2C_WriteMulti(uint8_t address, uint8_t reg, uint8_t* data, uint16_t count, I2C_HandleTypeDef hi2c) {
      |                                                                                          ^~~~~~~~~~~~~~~~~
      |                                                                                          DMA_HandleTypeDef
../Core/Src/ssd1306.c:655:68: error: unknown type name 'I2C_HandleTypeDef'; did you mean 'DMA_HandleTypeDef'?
  655 | void ssd1306_I2C_Write(uint8_t address, uint8_t reg, uint8_t data, I2C_HandleTypeDef hi2c) {
      |                                                                    ^~~~~~~~~~~~~~~~~
      |                                                                    DMA_HandleTypeDef
make: *** [Core/Src/subdir.mk:40: Core/Src/ssd1306.o] Error 1
"make -j16 all" terminated with exit code 2. Build might be incomplete.

14:58:54 Build Failed. 40 errors, 3 warnings. (took 588ms)

