10:54:38 **** Incremental Build of configuration Debug for project Displays ****
make -j16 all 
arm-none-eabi-size   Displays.elf 
   text	   data	    bss	    dec	    hex	filename
  19156	    136	   2792	  22084	   5644	Displays.elf
Finished building: default.size.stdout
 
10:54:42 **** Incremental Build of configuration Debug for project Displays ****
make -j16 all 
arm-none-eabi-size   Displays.elf 
   text	   data	    bss	    dec	    hex	filename
  19156	    136	   2792	  22084	   5644	Displays.elf
Finished building: default.size.stdout
 
10:55:18 **** Incremental Build of configuration Debug for project Displays ****
make -j16 all 
arm-none-eabi-size   Displays.elf 
   text	   data	    bss	    dec	    hex	filename
  19156	    136	   2792	  22084	   5644	Displays.elf
Finished building: default.size.stdout
 
10:59:00 **** Incremental Build of configuration Debug for project StaticIndication ****
make -j16 all 
arm-none-eabi-size   StaticIndication.elf 
   text	   data	    bss	    dec	    hex	filename
   6816	     20	   1572	   8408	   20d8	StaticIndication.elf
Finished building: default.size.stdout
 
